#
# There is insufficient memory for the Java Runtime Environment to continue.
# Native memory allocation (mmap) failed to map 20971520 bytes for G1 virtual space
# Possible reasons:
#   The system is out of physical RAM or swap space
#   The process is running with CompressedOops enabled, and the Java Heap may be blocking the growth of the native heap
# Possible solutions:
#   Reduce memory load on the system
#   Increase physical memory or swap space
#   Check if swap backing store is full
#   Decrease Java heap size (-Xmx/-Xms)
#   Decrease number of Java threads
#   Decrease Java thread stack sizes (-Xss)
#   Set larger code cache with -XX:ReservedCodeCacheSize=
#   JVM is running with Zero Based Compressed Oops mode in which the Java heap is
#     placed in the first 32GB address space. The Java Heap base address is the
#     maximum limit for the native heap growth. Please use -XX:HeapBaseMinAddress
#     to set the Java Heap base and to place the Java Heap above 32GB virtual address.
# This output file may be truncated or incomplete.
#
#  Out of Memory Error (os_windows.cpp:3603), pid=19740, tid=21212
#
# JRE version: Java(TM) SE Runtime Environment (21.0.6+8) (build 21.0.6+8-LTS-188)
# Java VM: Java HotSpot(TM) 64-Bit Server VM (21.0.6+8-LTS-188, mixed mode, sharing, tiered, compressed oops, compressed class ptrs, g1 gc, windows-amd64)
# No core dump will be written. Minidumps are not enabled by default on client versions of Windows
#

---------------  S U M M A R Y ------------

Command Line: -Dorg.testcontainers.dockerclient.strategy=org.testcontainers.dockerclient.UnixSocketClientProviderStrategy C:\Users\Юлия\AppData\Local\Temp\surefire14059992638279046287\surefirebooter-20251001234544228_3.jar C:\Users\Юлия\AppData\Local\Temp\surefire14059992638279046287 2025-10-01T23-45-44_082-jvmRun1 surefire-20251001234544228_1tmp surefire_0-20251001234544228_2tmp

Host: AMD Ryzen 5 5500U with Radeon Graphics         , 12 cores, 15G,  Windows 10 , 64 bit Build 19041 (10.0.19041.5915)
Time: Wed Oct  1 23:46:09 2025  Windows 10 , 64 bit Build 19041 (10.0.19041.5915) elapsed time: 24.842020 seconds (0d 0h 0m 24s)

---------------  T H R E A D  ---------------

Current thread (0x000001ce3500be70):  VMThread "VM Thread"          [id=21212, stack(0x0000001f5d400000,0x0000001f5d500000) (1024K)]

Stack: [0x0000001f5d400000,0x0000001f5d500000]
Native frames: (J=compiled Java code, j=interpreted, Vv=VM code, C=native code)
V  [jvm.dll+0x6ca6d9]
V  [jvm.dll+0x854f51]
V  [jvm.dll+0x85747e]
V  [jvm.dll+0x857b53]
V  [jvm.dll+0x27dcc6]
V  [jvm.dll+0x6c6e55]
V  [jvm.dll+0x6bb9da]
V  [jvm.dll+0x35393a]
V  [jvm.dll+0x35b596]
V  [jvm.dll+0x3adefe]
V  [jvm.dll+0x3ae1a8]
V  [jvm.dll+0x327cbc]
V  [jvm.dll+0x327d47]
V  [jvm.dll+0x36c60c]
V  [jvm.dll+0x36ae5e]
V  [jvm.dll+0x327481]
V  [jvm.dll+0x36a57a]
V  [jvm.dll+0x85d920]
V  [jvm.dll+0x85eca4]
V  [jvm.dll+0x85f1e0]
V  [jvm.dll+0x85f483]
V  [jvm.dll+0x7ff2fb]
V  [jvm.dll+0x6c8dbd]
C  [ucrtbase.dll+0x21bb2]
C  [KERNEL32.DLL+0x17374]
C  [ntdll.dll+0x4cc91]

VM_Operation (0x0000001f5cdf4b30): G1CollectForAllocation, mode: safepoint, requested by thread 0x000001ce13b4fe80


---------------  P R O C E S S  ---------------

Threads class SMR info:
_java_thread_list=0x000001ce7d716f30, length=35, elements={
0x000001ce13b4fe80, 0x000001ce35028320, 0x000001ce35029030, 0x000001ce35032c10,
0x000001ce35033660, 0x000001ce350340b0, 0x000001ce35036b10, 0x000001ce35037890,
0x000001ce35040690, 0x000001ce352f7710, 0x000001ce352fe360, 0x000001ce354eda30,
0x000001ce354b8320, 0x000001ce7b797f70, 0x000001ce7bc40b50, 0x000001ce7bc51470,
0x000001ce7b7e76f0, 0x000001ce7b7e7d50, 0x000001ce7ba39ca0, 0x000001ce7ba3a330,
0x000001ce7ba3b6e0, 0x000001ce7ba3ca90, 0x000001ce7ba3c400, 0x000001ce7ba3d120,
0x000001ce7ba3bd70, 0x000001ce7ba3a9c0, 0x000001ce7ba3b050, 0x000001ce7bc14530,
0x000001ce7bc16600, 0x000001ce7bc13810, 0x000001ce7bc10a20, 0x000001ce7bc14bc0,
0x000001ce7bc15250, 0x000001ce7bc158e0, 0x000001ce7beefc20
}

Java Threads: ( => current thread )
  0x000001ce13b4fe80 JavaThread "main"                              [_thread_blocked, id=8700, stack(0x0000001f5cd00000,0x0000001f5ce00000) (1024K)]
  0x000001ce35028320 JavaThread "Reference Handler"          daemon [_thread_blocked, id=1916, stack(0x0000001f5d500000,0x0000001f5d600000) (1024K)]
  0x000001ce35029030 JavaThread "Finalizer"                  daemon [_thread_blocked, id=5468, stack(0x0000001f5d600000,0x0000001f5d700000) (1024K)]
  0x000001ce35032c10 JavaThread "Signal Dispatcher"          daemon [_thread_blocked, id=21100, stack(0x0000001f5d700000,0x0000001f5d800000) (1024K)]
  0x000001ce35033660 JavaThread "Attach Listener"            daemon [_thread_blocked, id=17560, stack(0x0000001f5d800000,0x0000001f5d900000) (1024K)]
  0x000001ce350340b0 JavaThread "Service Thread"             daemon [_thread_blocked, id=17392, stack(0x0000001f5d900000,0x0000001f5da00000) (1024K)]
  0x000001ce35036b10 JavaThread "Monitor Deflation Thread"   daemon [_thread_blocked, id=17500, stack(0x0000001f5da00000,0x0000001f5db00000) (1024K)]
  0x000001ce35037890 JavaThread "C2 CompilerThread0"         daemon [_thread_blocked, id=14628, stack(0x0000001f5db00000,0x0000001f5dc00000) (1024K)]
  0x000001ce35040690 JavaThread "C1 CompilerThread0"         daemon [_thread_blocked, id=14552, stack(0x0000001f5dc00000,0x0000001f5dd00000) (1024K)]
  0x000001ce352f7710 JavaThread "Notification Thread"        daemon [_thread_blocked, id=6540, stack(0x0000001f5dd00000,0x0000001f5de00000) (1024K)]
  0x000001ce352fe360 JavaThread "Common-Cleaner"             daemon [_thread_blocked, id=2248, stack(0x0000001f5de00000,0x0000001f5df00000) (1024K)]
  0x000001ce354eda30 JavaThread "surefire-forkedjvm-stream-flusher" daemon [_thread_blocked, id=16744, stack(0x0000001f5e000000,0x0000001f5e100000) (1024K)]
  0x000001ce354b8320 JavaThread "surefire-forkedjvm-command-thread" daemon [_thread_in_native, id=5476, stack(0x0000001f5e100000,0x0000001f5e200000) (1024K)]
  0x000001ce7b797f70 JavaThread "Thread-1"                   daemon [_thread_in_native, id=22028, stack(0x0000001f5ec00000,0x0000001f5ed00000) (1024K)]
  0x000001ce7bc40b50 JavaThread "Thread-2"                   daemon [_thread_in_native, id=8128, stack(0x0000001f5ed00000,0x0000001f5ee00000) (1024K)]
  0x000001ce7bc51470 JavaThread "Thread-3"                   daemon [_thread_in_native, id=5348, stack(0x0000001f5ee00000,0x0000001f5ef00000) (1024K)]
  0x000001ce7b7e76f0 JavaThread "Thread-4"                   daemon [_thread_in_native, id=7384, stack(0x0000001f5ef00000,0x0000001f5f000000) (1024K)]
  0x000001ce7b7e7d50 JavaThread "Thread-5"                   daemon [_thread_in_native, id=21176, stack(0x0000001f5f000000,0x0000001f5f100000) (1024K)]
  0x000001ce7ba39ca0 JavaThread "Thread-6"                   daemon [_thread_in_native, id=10760, stack(0x0000001f5f100000,0x0000001f5f200000) (1024K)]
  0x000001ce7ba3a330 JavaThread "Thread-7"                   daemon [_thread_in_native, id=21700, stack(0x0000001f5f200000,0x0000001f5f300000) (1024K)]
  0x000001ce7ba3b6e0 JavaThread "Thread-8"                   daemon [_thread_in_native, id=2132, stack(0x0000001f5f300000,0x0000001f5f400000) (1024K)]
  0x000001ce7ba3ca90 JavaThread "Thread-9"                   daemon [_thread_in_native, id=20416, stack(0x0000001f5f400000,0x0000001f5f500000) (1024K)]
  0x000001ce7ba3c400 JavaThread "Thread-10"                  daemon [_thread_in_native, id=20248, stack(0x0000001f5f500000,0x0000001f5f600000) (1024K)]
  0x000001ce7ba3d120 JavaThread "Thread-11"                  daemon [_thread_in_native, id=15488, stack(0x0000001f5f600000,0x0000001f5f700000) (1024K)]
  0x000001ce7ba3bd70 JavaThread "Thread-12"                  daemon [_thread_in_native, id=14748, stack(0x0000001f5f700000,0x0000001f5f800000) (1024K)]
  0x000001ce7ba3a9c0 JavaThread "Thread-13"                  daemon [_thread_in_native, id=17112, stack(0x0000001f5f800000,0x0000001f5f900000) (1024K)]
  0x000001ce7ba3b050 JavaThread "Thread-14"                  daemon [_thread_blocked, id=13588, stack(0x0000001f5eb00000,0x0000001f5ec00000) (1024K)]
  0x000001ce7bc14530 JavaThread "Thread-17"                  daemon [_thread_blocked, id=22108, stack(0x0000001f5f900000,0x0000001f5fa00000) (1024K)]
  0x000001ce7bc16600 JavaThread "testcontainers-ryuk"        daemon [_thread_blocked, id=5972, stack(0x0000001f5df00000,0x0000001f5e000000) (1024K)]
  0x000001ce7bc13810 JavaThread "testcontainers-wait-0"      daemon [_thread_blocked, id=22300, stack(0x0000001f5fb00000,0x0000001f5fc00000) (1024K)]
  0x000001ce7bc10a20 JavaThread "testcontainers-wait-1"      daemon [_thread_blocked, id=17304, stack(0x0000001f5fe00000,0x0000001f5ff00000) (1024K)]
  0x000001ce7bc14bc0 JavaThread "PostgreSQL-JDBC-Cleaner"    daemon [_thread_blocked, id=5736, stack(0x0000001f60000000,0x0000001f60100000) (1024K)]
  0x000001ce7bc15250 JavaThread "HikariPool-1 housekeeper"   daemon [_thread_blocked, id=21976, stack(0x0000001f60100000,0x0000001f60200000) (1024K)]
  0x000001ce7bc158e0 JavaThread "HikariPool-1 connection adder" daemon [_thread_blocked, id=17664, stack(0x0000001f60200000,0x0000001f60300000) (1024K)]
  0x000001ce7beefc20 JavaThread "C2 CompilerThread1"         daemon [_thread_blocked, id=1432, stack(0x0000001f5ff00000,0x0000001f60000000) (1024K)]
Total: 35

Other Threads:
=>0x000001ce3500be70 VMThread "VM Thread"                           [id=21212, stack(0x0000001f5d400000,0x0000001f5d500000) (1024K)]
  0x000001ce34ffc930 WatcherThread "VM Periodic Task Thread"        [id=14776, stack(0x0000001f5d300000,0x0000001f5d400000) (1024K)]
  0x000001ce15d522b0 WorkerThread "GC Thread#0"                     [id=5868, stack(0x0000001f5ce00000,0x0000001f5cf00000) (1024K)]
  0x000001ce35b7c220 WorkerThread "GC Thread#1"                     [id=19496, stack(0x0000001f5e200000,0x0000001f5e300000) (1024K)]
  0x000001ce7b242520 WorkerThread "GC Thread#2"                     [id=14500, stack(0x0000001f5e300000,0x0000001f5e400000) (1024K)]
  0x000001ce7b3d5630 WorkerThread "GC Thread#3"                     [id=4800, stack(0x0000001f5e400000,0x0000001f5e500000) (1024K)]
  0x000001ce7b3d59d0 WorkerThread "GC Thread#4"                     [id=13844, stack(0x0000001f5e500000,0x0000001f5e600000) (1024K)]
  0x000001ce7b266e90 WorkerThread "GC Thread#5"                     [id=2920, stack(0x0000001f5e600000,0x0000001f5e700000) (1024K)]
  0x000001ce7b267640 WorkerThread "GC Thread#6"                     [id=15180, stack(0x0000001f5e700000,0x0000001f5e800000) (1024K)]
  0x000001ce7b2679e0 WorkerThread "GC Thread#7"                     [id=20712, stack(0x0000001f5e800000,0x0000001f5e900000) (1024K)]
  0x000001ce7b7ac480 WorkerThread "GC Thread#8"                     [id=14172, stack(0x0000001f5e900000,0x0000001f5ea00000) (1024K)]
  0x000001ce7b7ac0e0 WorkerThread "GC Thread#9"                     [id=17860, stack(0x0000001f5ea00000,0x0000001f5eb00000) (1024K)]
  0x000001ce15d646a0 ConcurrentGCThread "G1 Main Marker"            [id=2568, stack(0x0000001f5cf00000,0x0000001f5d000000) (1024K)]
  0x000001ce15d661b0 WorkerThread "G1 Conc#0"                       [id=21984, stack(0x0000001f5d000000,0x0000001f5d100000) (1024K)]
  0x000001ce7b941450 WorkerThread "G1 Conc#1"                       [id=16508, stack(0x0000001f5fc00000,0x0000001f5fd00000) (1024K)]
  0x000001ce7b93f750 WorkerThread "G1 Conc#2"                       [id=8828, stack(0x0000001f5fd00000,0x0000001f5fe00000) (1024K)]
  0x000001ce34ecc940 ConcurrentGCThread "G1 Refine#0"               [id=22124, stack(0x0000001f5d100000,0x0000001f5d200000) (1024K)]
  0x000001ce34ecf2d0 ConcurrentGCThread "G1 Service"                [id=3628, stack(0x0000001f5d200000,0x0000001f5d300000) (1024K)]
Total: 18

Threads with active compile tasks:
C2 CompilerThread0    24891 6778       4       java.util.HashSet::iterator (13 bytes)
C1 CompilerThread0    24891 6787       2       java.lang.reflect.Method::toString (20 bytes)
C2 CompilerThread1    24891 6435   !   4       org.springframework.core.annotation.AnnotationsScanner::processMethodHierarchy (276 bytes)
Total: 3

VM state: at safepoint (normal execution)

VM Mutex/Monitor currently owned by a thread:  ([mutex/lock_event])
[0x00007ffb0d34de98] Threads_lock - owner thread: 0x000001ce3500be70
[0x00007ffb0d34df98] Heap_lock - owner thread: 0x000001ce13b4fe80

Heap address: 0x0000000709c00000, size: 3940 MB, Compressed Oops mode: Zero based, Oop shift amount: 3

CDS archive(s) mapped at: [0x000001ce36000000-0x000001ce36c90000-0x000001ce36c90000), size 13172736, SharedBaseAddress: 0x000001ce36000000, ArchiveRelocationMode: 1.
Compressed class space mapped at: 0x000001ce37000000-0x000001ce77000000, reserved size: 1073741824
Narrow klass base: 0x000001ce36000000, Narrow klass shift: 0, Narrow klass range: 0x100000000

GC Precious Log:
 CardTable entry size: 512
 Card Set container configuration: InlinePtr #cards 4 size 8 Array Of Cards #cards 16 size 48 Howl #buckets 8 coarsen threshold 3686 Howl Bitmap #cards 512 size 80 coarsen threshold 460 Card regions per heap region 1 cards per card region 4096
 CPUs: 12 total, 12 available
 Memory: 15752M
 Large Page Support: Disabled
 NUMA Support: Disabled
 Compressed Oops: Enabled (Zero based)
 Heap Region Size: 2M
 Heap Min Capacity: 8M
 Heap Initial Capacity: 248M
 Heap Max Capacity: 3940M
 Pre-touch: Disabled
 Parallel Workers: 10
 Concurrent Workers: 3
 Concurrent Refinement Workers: 10
 Periodic GC: Disabled

Heap:
 garbage-first heap   total 88064K, used 38463K [0x0000000709c00000, 0x0000000800000000)
  region size 2048K, 3 young (6144K), 3 survivors (6144K)
 Metaspace       used 75267K, committed 75904K, reserved 1179648K
  class space    used 10114K, committed 10432K, reserved 1048576K

Heap Regions: E=young(eden), S=young(survivor), O=old, HS=humongous(starts), HC=humongous(continues), CS=collection set, F=free, TAMS=top-at-mark-start, PB=parsable bottom
|   0|0x0000000709c00000, 0x0000000709e00000, 0x0000000709e00000|100%|HS|  |TAMS 0x0000000709c00000| PB 0x0000000709c00000| Complete 
|   1|0x0000000709e00000, 0x000000070a000000, 0x000000070a000000|100%| O|  |TAMS 0x0000000709e00000| PB 0x0000000709e00000| Untracked 
|   2|0x000000070a000000, 0x000000070a200000, 0x000000070a200000|100%| O|  |TAMS 0x000000070a000000| PB 0x000000070a000000| Untracked 
|   3|0x000000070a200000, 0x000000070a400000, 0x000000070a400000|100%| O|  |TAMS 0x000000070a200000| PB 0x000000070a200000| Untracked 
|   4|0x000000070a400000, 0x000000070a600000, 0x000000070a600000|100%| O|  |TAMS 0x000000070a400000| PB 0x000000070a400000| Untracked 
|   5|0x000000070a600000, 0x000000070a7a89d0, 0x000000070a800000| 82%| O|  |TAMS 0x000000070a600000| PB 0x000000070a600000| Untracked 
|   6|0x000000070a800000, 0x000000070aa00000, 0x000000070aa00000|100%| O|  |TAMS 0x000000070a800000| PB 0x000000070a800000| Untracked 
|   7|0x000000070aa00000, 0x000000070ac00000, 0x000000070ac00000|100%| O|  |TAMS 0x000000070aa00000| PB 0x000000070aa00000| Untracked 
|   8|0x000000070ac00000, 0x000000070ae00000, 0x000000070ae00000|100%| O|  |TAMS 0x000000070ac00000| PB 0x000000070ac00000| Untracked 
|   9|0x000000070ae00000, 0x000000070b000000, 0x000000070b000000|100%| O|  |TAMS 0x000000070ae00000| PB 0x000000070ae00000| Untracked 
|  10|0x000000070b000000, 0x000000070b200000, 0x000000070b200000|100%| O|  |TAMS 0x000000070b000000| PB 0x000000070b000000| Untracked 
|  11|0x000000070b200000, 0x000000070b400000, 0x000000070b400000|100%| O|  |TAMS 0x000000070b200000| PB 0x000000070b200000| Untracked 
|  12|0x000000070b400000, 0x000000070b400000, 0x000000070b600000|  0%| F|  |TAMS 0x000000070b400000| PB 0x000000070b400000| Untracked 
|  13|0x000000070b600000, 0x000000070b800000, 0x000000070b800000|100%| O|  |TAMS 0x000000070b600000| PB 0x000000070b600000| Untracked 
|  14|0x000000070b800000, 0x000000070b9e7548, 0x000000070ba00000| 95%| O|  |TAMS 0x000000070b800000| PB 0x000000070b800000| Untracked 
|  15|0x000000070ba00000, 0x000000070ba00000, 0x000000070bc00000|  0%| F|  |TAMS 0x000000070ba00000| PB 0x000000070ba00000| Untracked 
|  16|0x000000070bc00000, 0x000000070be00000, 0x000000070be00000|100%| O|  |TAMS 0x000000070bc00000| PB 0x000000070bc00000| Untracked 
|  17|0x000000070be00000, 0x000000070c000000, 0x000000070c000000|100%| O|  |TAMS 0x000000070be00000| PB 0x000000070be00000| Untracked 
|  18|0x000000070c000000, 0x000000070c000000, 0x000000070c200000|  0%| F|  |TAMS 0x000000070c000000| PB 0x000000070c000000| Untracked 
|  19|0x000000070c200000, 0x000000070c200000, 0x000000070c400000|  0%| F|  |TAMS 0x000000070c200000| PB 0x000000070c200000| Untracked 
|  20|0x000000070c400000, 0x000000070c400000, 0x000000070c600000|  0%| F|  |TAMS 0x000000070c400000| PB 0x000000070c400000| Untracked 
|  21|0x000000070c600000, 0x000000070c600000, 0x000000070c800000|  0%| F|  |TAMS 0x000000070c600000| PB 0x000000070c600000| Untracked 
|  22|0x000000070c800000, 0x000000070ca00000, 0x000000070ca00000|100%| S|CS|TAMS 0x000000070c800000| PB 0x000000070c800000| Complete 
|  23|0x000000070ca00000, 0x000000070cc00000, 0x000000070cc00000|100%| S|CS|TAMS 0x000000070ca00000| PB 0x000000070ca00000| Complete 
|  24|0x000000070cc00000, 0x000000070ce00000, 0x000000070ce00000|100%| S|CS|TAMS 0x000000070cc00000| PB 0x000000070cc00000| Complete 
|  25|0x000000070ce00000, 0x000000070ce00000, 0x000000070d000000|  0%| F|  |TAMS 0x000000070ce00000| PB 0x000000070ce00000| Untracked 
|  26|0x000000070d000000, 0x000000070d000000, 0x000000070d200000|  0%| F|  |TAMS 0x000000070d000000| PB 0x000000070d000000| Untracked 
|  27|0x000000070d200000, 0x000000070d200000, 0x000000070d400000|  0%| F|  |TAMS 0x000000070d200000| PB 0x000000070d200000| Untracked 
|  28|0x000000070d400000, 0x000000070d400000, 0x000000070d600000|  0%| F|  |TAMS 0x000000070d400000| PB 0x000000070d400000| Untracked 
|  29|0x000000070d600000, 0x000000070d600000, 0x000000070d800000|  0%| F|  |TAMS 0x000000070d600000| PB 0x000000070d600000| Untracked 
|  30|0x000000070d800000, 0x000000070d800000, 0x000000070da00000|  0%| F|  |TAMS 0x000000070d800000| PB 0x000000070d800000| Untracked 
|  31|0x000000070da00000, 0x000000070da00000, 0x000000070dc00000|  0%| F|  |TAMS 0x000000070da00000| PB 0x000000070da00000| Untracked 
|  32|0x000000070dc00000, 0x000000070dc00000, 0x000000070de00000|  0%| F|  |TAMS 0x000000070dc00000| PB 0x000000070dc00000| Untracked 
|  33|0x000000070de00000, 0x000000070de00000, 0x000000070e000000|  0%| F|  |TAMS 0x000000070de00000| PB 0x000000070de00000| Untracked 
|  34|0x000000070e000000, 0x000000070e000000, 0x000000070e200000|  0%| F|  |TAMS 0x000000070e000000| PB 0x000000070e000000| Untracked 
|  35|0x000000070e200000, 0x000000070e200000, 0x000000070e400000|  0%| F|  |TAMS 0x000000070e200000| PB 0x000000070e200000| Untracked 
|  36|0x000000070e400000, 0x000000070e400000, 0x000000070e600000|  0%| F|  |TAMS 0x000000070e400000| PB 0x000000070e400000| Untracked 
|  37|0x000000070e600000, 0x000000070e600000, 0x000000070e800000|  0%| F|  |TAMS 0x000000070e600000| PB 0x000000070e600000| Untracked 
| 116|0x0000000718400000, 0x0000000718400000, 0x0000000718600000|  0%| F|  |TAMS 0x0000000718400000| PB 0x0000000718400000| Untracked 
| 117|0x0000000718600000, 0x0000000718600000, 0x0000000718800000|  0%| F|  |TAMS 0x0000000718600000| PB 0x0000000718600000| Untracked 
| 118|0x0000000718800000, 0x0000000718800000, 0x0000000718a00000|  0%| F|  |TAMS 0x0000000718800000| PB 0x0000000718800000| Untracked 
| 119|0x0000000718a00000, 0x0000000718a00000, 0x0000000718c00000|  0%| F|  |TAMS 0x0000000718a00000| PB 0x0000000718a00000| Untracked 
| 123|0x0000000719200000, 0x0000000719200000, 0x0000000719400000|  0%| F|  |TAMS 0x0000000719200000| PB 0x0000000719200000| Untracked 

Card table byte_map: [0x000001ce2de90000,0x000001ce2e650000] _byte_map_base: 0x000001ce2a642000

Marking Bits: (CMBitMap*) 0x000001ce15d531c0
 Bits: [0x000001ce2e650000, 0x000001ce323e0000)

Polling page: 0x000001ce154c0000

Metaspace:

Usage:
  Non-class:     63.63 MB used.
      Class:      9.88 MB used.
       Both:     73.50 MB used.

Virtual space:
  Non-class space:      128.00 MB reserved,      63.94 MB ( 50%) committed,  2 nodes.
      Class space:        1.00 GB reserved,      10.19 MB ( <1%) committed,  1 nodes.
             Both:        1.12 GB reserved,      74.12 MB (  6%) committed. 

Chunk freelists:
   Non-Class:  15.88 MB
       Class:  5.86 MB
        Both:  21.73 MB

MaxMetaspaceSize: unlimited
CompressedClassSpaceSize: 1.00 GB
Initial GC threshold: 21.00 MB
Current GC threshold: 99.50 MB
CDS: on
 - commit_granule_bytes: 65536.
 - commit_granule_words: 8192.
 - virtual_space_node_default_size: 8388608.
 - enlarge_chunks_in_place: 1.
 - use_allocation_guard: 0.


Internal statistics:

num_allocs_failed_limit: 15.
num_arena_births: 866.
num_arena_deaths: 0.
num_vsnodes_births: 3.
num_vsnodes_deaths: 0.
num_space_committed: 1186.
num_space_uncommitted: 0.
num_chunks_returned_to_freelist: 15.
num_chunks_taken_from_freelist: 3604.
num_chunk_merges: 12.
num_chunk_splits: 2639.
num_chunks_enlarged: 2124.
num_inconsistent_stats: 0.

CodeHeap 'non-profiled nmethods': size=120000Kb used=3664Kb max_used=3664Kb free=116335Kb
 bounds [0x000001ce25c50000, 0x000001ce25ff0000, 0x000001ce2d180000]
CodeHeap 'profiled nmethods': size=120000Kb used=12432Kb max_used=12432Kb free=107567Kb
 bounds [0x000001ce1e180000, 0x000001ce1edb0000, 0x000001ce256b0000]
CodeHeap 'non-nmethods': size=5760Kb used=1650Kb max_used=1695Kb free=4109Kb
 bounds [0x000001ce256b0000, 0x000001ce25920000, 0x000001ce25c50000]
 total_blobs=6831 nmethods=6140 adapters=595
 compilation: enabled
              stopped_count=0, restarted_count=0
 full_count=0

Compilation events (20 events):
Event: 24.778 Thread 0x000001ce35040690 nmethod 6776 0x000001ce1eda4f10 code [0x000001ce1eda50a0, 0x000001ce1eda51f8]
Event: 24.779 Thread 0x000001ce35040690 6777       2       org.springframework.core.convert.TypeDescriptor::annotationsMatch (66 bytes)
Event: 24.780 Thread 0x000001ce35040690 nmethod 6777 0x000001ce1eda5290 code [0x000001ce1eda54a0, 0x000001ce1eda5978]
Event: 24.804 Thread 0x000001ce35037890 nmethod 6749 0x000001ce25fe2890 code [0x000001ce25fe2b00, 0x000001ce25fe3740]
Event: 24.804 Thread 0x000001ce35037890 6778       4       java.util.HashSet::iterator (13 bytes)
Event: 24.806 Thread 0x000001ce35040690 6780       2       java.lang.ThreadLocal$ThreadLocalMap::getEntryAfterMiss (59 bytes)
Event: 24.807 Thread 0x000001ce35040690 nmethod 6780 0x000001ce1eda5c90 code [0x000001ce1eda5e60, 0x000001ce1eda6140]
Event: 24.807 Thread 0x000001ce35040690 6781       2       org.springframework.util.ReflectionUtils::getAllDeclaredMethods (38 bytes)
Event: 24.808 Thread 0x000001ce35040690 nmethod 6781 0x000001ce1eda6310 code [0x000001ce1eda6500, 0x000001ce1eda67d0]
Event: 24.808 Thread 0x000001ce35040690 6782       1       java.lang.reflect.Modifier::methodModifiers (4 bytes)
Event: 24.808 Thread 0x000001ce35040690 nmethod 6782 0x000001ce25fe3f10 code [0x000001ce25fe40a0, 0x000001ce25fe4148]
Event: 24.808 Thread 0x000001ce35040690 6783       2       java.util.stream.Collectors$$Lambda/0x80000003f::accept (12 bytes)
Event: 24.808 Thread 0x000001ce35040690 nmethod 6783 0x000001ce1eda6990 code [0x000001ce1eda6b40, 0x000001ce1eda6d00]
Event: 24.809 Thread 0x000001ce35040690 6784       2       java.util.stream.Collectors::joining (34 bytes)
Event: 24.810 Thread 0x000001ce35040690 nmethod 6784 0x000001ce1eda6e10 code [0x000001ce1eda7000, 0x000001ce1eda7530]
Event: 24.810 Thread 0x000001ce35040690 6785       2       java.util.stream.Collectors$$Lambda/0x800000047::<init> (20 bytes)
Event: 24.810 Thread 0x000001ce35040690 nmethod 6785 0x000001ce1eda7690 code [0x000001ce1eda7840, 0x000001ce1eda7a70]
Event: 24.810 Thread 0x000001ce35040690 6786       2       java.lang.reflect.Executable$$Lambda/0x000001ce376f4cd0::apply (13 bytes)
Event: 24.810 Thread 0x000001ce35040690 nmethod 6786 0x000001ce1eda7b10 code [0x000001ce1eda7cc0, 0x000001ce1eda7e20]
Event: 24.810 Thread 0x000001ce35040690 6787       2       java.lang.reflect.Method::toString (20 bytes)

GC Heap History (20 events):
Event: 1.386 GC heap after
{Heap after GC invocations=2 (full 0):
 garbage-first heap   total 253952K, used 13752K [0x0000000709c00000, 0x0000000800000000)
  region size 2048K, 1 young (2048K), 1 survivors (2048K)
 Metaspace       used 9327K, committed 9536K, reserved 1114112K
  class space    used 1071K, committed 1152K, reserved 1048576K
}
Event: 4.753 GC heap before
{Heap before GC invocations=2 (full 0):
 garbage-first heap   total 253952K, used 67000K [0x0000000709c00000, 0x0000000800000000)
  region size 2048K, 27 young (55296K), 1 survivors (2048K)
 Metaspace       used 19834K, committed 20096K, reserved 1114112K
  class space    used 2372K, committed 2496K, reserved 1048576K
}
Event: 4.766 GC heap after
{Heap after GC invocations=3 (full 0):
 garbage-first heap   total 253952K, used 17977K [0x0000000709c00000, 0x0000000800000000)
  region size 2048K, 3 young (6144K), 3 survivors (6144K)
 Metaspace       used 19834K, committed 20096K, reserved 1114112K
  class space    used 2372K, committed 2496K, reserved 1048576K
}
Event: 5.253 GC heap before
{Heap before GC invocations=3 (full 0):
 garbage-first heap   total 253952K, used 24121K [0x0000000709c00000, 0x0000000800000000)
  region size 2048K, 7 young (14336K), 3 survivors (6144K)
 Metaspace       used 21247K, committed 21504K, reserved 1114112K
  class space    used 2565K, committed 2688K, reserved 1048576K
}
Event: 5.263 GC heap after
{Heap after GC invocations=4 (full 0):
 garbage-first heap   total 253952K, used 18837K [0x0000000709c00000, 0x0000000800000000)
  region size 2048K, 4 young (8192K), 4 survivors (8192K)
 Metaspace       used 21247K, committed 21504K, reserved 1114112K
  class space    used 2565K, committed 2688K, reserved 1048576K
}
Event: 14.571 GC heap before
{Heap before GC invocations=5 (full 0):
 garbage-first heap   total 75776K, used 74133K [0x0000000709c00000, 0x0000000800000000)
  region size 2048K, 31 young (63488K), 4 survivors (8192K)
 Metaspace       used 32582K, committed 32896K, reserved 1114112K
  class space    used 4144K, committed 4288K, reserved 1048576K
}
Event: 14.597 GC heap after
{Heap after GC invocations=6 (full 0):
 garbage-first heap   total 88064K, used 23056K [0x0000000709c00000, 0x0000000800000000)
  region size 2048K, 6 young (12288K), 6 survivors (12288K)
 Metaspace       used 32582K, committed 32896K, reserved 1114112K
  class space    used 4144K, committed 4288K, reserved 1048576K
}
Event: 14.983 GC heap before
{Heap before GC invocations=6 (full 0):
 garbage-first heap   total 88064K, used 41488K [0x0000000709c00000, 0x0000000800000000)
  region size 2048K, 16 young (32768K), 6 survivors (12288K)
 Metaspace       used 35676K, committed 35968K, reserved 1114112K
  class space    used 4543K, committed 4672K, reserved 1048576K
}
Event: 15.002 GC heap after
{Heap after GC invocations=7 (full 0):
 garbage-first heap   total 88064K, used 23637K [0x0000000709c00000, 0x0000000800000000)
  region size 2048K, 3 young (6144K), 3 survivors (6144K)
 Metaspace       used 35676K, committed 35968K, reserved 1114112K
  class space    used 4543K, committed 4672K, reserved 1048576K
}
Event: 15.044 GC heap before
{Heap before GC invocations=7 (full 0):
 garbage-first heap   total 88064K, used 23637K [0x0000000709c00000, 0x0000000800000000)
  region size 2048K, 4 young (8192K), 3 survivors (6144K)
 Metaspace       used 35919K, committed 36288K, reserved 1114112K
  class space    used 4563K, committed 4736K, reserved 1048576K
}
Event: 15.054 GC heap after
{Heap after GC invocations=8 (full 0):
 garbage-first heap   total 88064K, used 24062K [0x0000000709c00000, 0x0000000800000000)
  region size 2048K, 1 young (2048K), 1 survivors (2048K)
 Metaspace       used 35919K, committed 36288K, reserved 1114112K
  class space    used 4563K, committed 4736K, reserved 1048576K
}
Event: 17.222 GC heap before
{Heap before GC invocations=9 (full 0):
 garbage-first heap   total 88064K, used 71166K [0x0000000709c00000, 0x0000000800000000)
  region size 2048K, 24 young (49152K), 1 survivors (2048K)
 Metaspace       used 41325K, committed 41792K, reserved 1114112K
  class space    used 5271K, committed 5504K, reserved 1048576K
}
Event: 17.237 GC heap after
{Heap after GC invocations=10 (full 0):
 garbage-first heap   total 88064K, used 28106K [0x0000000709c00000, 0x0000000800000000)
  region size 2048K, 3 young (6144K), 3 survivors (6144K)
 Metaspace       used 41325K, committed 41792K, reserved 1114112K
  class space    used 5271K, committed 5504K, reserved 1048576K
}
Event: 19.766 GC heap before
{Heap before GC invocations=10 (full 0):
 garbage-first heap   total 88064K, used 73162K [0x0000000709c00000, 0x0000000800000000)
  region size 2048K, 25 young (51200K), 3 survivors (6144K)
 Metaspace       used 50345K, committed 50880K, reserved 1114112K
  class space    used 6628K, committed 6848K, reserved 1048576K
}
Event: 19.800 GC heap after
{Heap after GC invocations=11 (full 0):
 garbage-first heap   total 88064K, used 31536K [0x0000000709c00000, 0x0000000800000000)
  region size 2048K, 4 young (8192K), 4 survivors (8192K)
 Metaspace       used 50345K, committed 50880K, reserved 1114112K
  class space    used 6628K, committed 6848K, reserved 1048576K
}
Event: 21.631 GC heap before
{Heap before GC invocations=11 (full 0):
 garbage-first heap   total 88064K, used 66352K [0x0000000709c00000, 0x0000000800000000)
  region size 2048K, 23 young (47104K), 4 survivors (8192K)
 Metaspace       used 60219K, committed 60736K, reserved 1114112K
  class space    used 7861K, committed 8128K, reserved 1048576K
}
Event: 21.655 GC heap after
{Heap after GC invocations=12 (full 0):
 garbage-first heap   total 88064K, used 33530K [0x0000000709c00000, 0x0000000800000000)
  region size 2048K, 2 young (4096K), 2 survivors (4096K)
 Metaspace       used 60219K, committed 60736K, reserved 1114112K
  class space    used 7861K, committed 8128K, reserved 1048576K
}
Event: 23.288 GC heap before
{Heap before GC invocations=13 (full 0):
 garbage-first heap   total 88064K, used 72442K [0x0000000709c00000, 0x0000000800000000)
  region size 2048K, 21 young (43008K), 2 survivors (4096K)
 Metaspace       used 70156K, committed 70784K, reserved 1114112K
  class space    used 9431K, committed 9728K, reserved 1048576K
}
Event: 23.304 GC heap after
{Heap after GC invocations=14 (full 0):
 garbage-first heap   total 88064K, used 35951K [0x0000000709c00000, 0x0000000800000000)
  region size 2048K, 3 young (6144K), 3 survivors (6144K)
 Metaspace       used 70156K, committed 70784K, reserved 1114112K
  class space    used 9431K, committed 9728K, reserved 1048576K
}
Event: 24.811 GC heap before
{Heap before GC invocations=14 (full 0):
 garbage-first heap   total 88064K, used 72815K [0x0000000709c00000, 0x0000000800000000)
  region size 2048K, 21 young (43008K), 3 survivors (6144K)
 Metaspace       used 75267K, committed 75904K, reserved 1179648K
  class space    used 10114K, committed 10432K, reserved 1048576K
}

Dll operation events (11 events):
Event: 0.008 Loaded shared library C:\Program Files\Java\jdk-21\bin\java.dll
Event: 0.047 Loaded shared library C:\Program Files\Java\jdk-21\bin\jsvml.dll
Event: 0.066 Loaded shared library C:\Program Files\Java\jdk-21\bin\net.dll
Event: 0.067 Loaded shared library C:\Program Files\Java\jdk-21\bin\nio.dll
Event: 0.072 Loaded shared library C:\Program Files\Java\jdk-21\bin\zip.dll
Event: 0.140 Loaded shared library C:\Program Files\Java\jdk-21\bin\management.dll
Event: 0.145 Loaded shared library C:\Program Files\Java\jdk-21\bin\management_ext.dll
Event: 0.165 Loaded shared library C:\Program Files\Java\jdk-21\bin\jimage.dll
Event: 1.955 Loaded shared library C:\Program Files\Java\jdk-21\bin\extnet.dll
Event: 2.135 Loaded shared library C:\Program Files\Java\jdk-21\bin\verify.dll
Event: 15.162 Loaded shared library C:\Program Files\Java\jdk-21\bin\sunmscapi.dll

Deoptimization events (20 events):
Event: 24.478 Thread 0x000001ce13b4fe80 Uncommon trap: trap_request=0xffffffde fr.pc=0x000001ce25fa1068 relative=0x00000000000000c8
Event: 24.478 Thread 0x000001ce13b4fe80 Uncommon trap: reason=class_check action=maybe_recompile pc=0x000001ce25fa1068 method=org.springframework.util.ObjectUtils.nullSafeHashCode(Ljava/lang/Object;)I @ 17 c2
Event: 24.478 Thread 0x000001ce13b4fe80 DEOPT PACKING pc=0x000001ce25fa1068 sp=0x0000001f5cdf8b90
Event: 24.478 Thread 0x000001ce13b4fe80 DEOPT UNPACKING pc=0x000001ce257046a2 sp=0x0000001f5cdf8b28 mode 2
Event: 24.478 Thread 0x000001ce13b4fe80 Uncommon trap: trap_request=0xffffffde fr.pc=0x000001ce25fa1068 relative=0x00000000000000c8
Event: 24.478 Thread 0x000001ce13b4fe80 Uncommon trap: reason=class_check action=maybe_recompile pc=0x000001ce25fa1068 method=org.springframework.util.ObjectUtils.nullSafeHashCode(Ljava/lang/Object;)I @ 17 c2
Event: 24.478 Thread 0x000001ce13b4fe80 DEOPT PACKING pc=0x000001ce25fa1068 sp=0x0000001f5cdf8b90
Event: 24.478 Thread 0x000001ce13b4fe80 DEOPT UNPACKING pc=0x000001ce257046a2 sp=0x0000001f5cdf8b28 mode 2
Event: 24.478 Thread 0x000001ce13b4fe80 Uncommon trap: trap_request=0xffffffde fr.pc=0x000001ce25fa1068 relative=0x00000000000000c8
Event: 24.478 Thread 0x000001ce13b4fe80 Uncommon trap: reason=class_check action=maybe_recompile pc=0x000001ce25fa1068 method=org.springframework.util.ObjectUtils.nullSafeHashCode(Ljava/lang/Object;)I @ 17 c2
Event: 24.478 Thread 0x000001ce13b4fe80 DEOPT PACKING pc=0x000001ce25fa1068 sp=0x0000001f5cdf8b90
Event: 24.478 Thread 0x000001ce13b4fe80 DEOPT UNPACKING pc=0x000001ce257046a2 sp=0x0000001f5cdf8b28 mode 2
Event: 24.654 Thread 0x000001ce13b4fe80 Uncommon trap: trap_request=0xffffff45 fr.pc=0x000001ce25f84f80 relative=0x0000000000003700
Event: 24.654 Thread 0x000001ce13b4fe80 Uncommon trap: reason=unstable_if action=reinterpret pc=0x000001ce25f84f80 method=org.springframework.beans.factory.support.AbstractBeanFactory.isTypeMatch(Ljava/lang/String;Lorg/springframework/core/ResolvableType;Z)Z @ 35 c2
Event: 24.654 Thread 0x000001ce13b4fe80 DEOPT PACKING pc=0x000001ce25f84f80 sp=0x0000001f5cdf9220
Event: 24.654 Thread 0x000001ce13b4fe80 DEOPT UNPACKING pc=0x000001ce257046a2 sp=0x0000001f5cdf91e0 mode 2
Event: 24.807 Thread 0x000001ce13b4fe80 Uncommon trap: trap_request=0xffffffde fr.pc=0x000001ce25dafd20 relative=0x00000000000002e0
Event: 24.807 Thread 0x000001ce13b4fe80 Uncommon trap: reason=class_check action=maybe_recompile pc=0x000001ce25dafd20 method=java.util.concurrent.ConcurrentHashMap.get(Ljava/lang/Object;)Ljava/lang/Object; @ 93 c2
Event: 24.807 Thread 0x000001ce13b4fe80 DEOPT PACKING pc=0x000001ce25dafd20 sp=0x0000001f5cdf65f0
Event: 24.808 Thread 0x000001ce13b4fe80 DEOPT UNPACKING pc=0x000001ce257046a2 sp=0x0000001f5cdf6548 mode 2

Classes loaded (20 events):
Event: 23.749 Loading class java/lang/invoke/MethodHandleImpl$CountingWrapper$1
Event: 23.749 Loading class java/lang/invoke/MethodHandleImpl$CountingWrapper$1 done
Event: 23.774 Loading class sun/reflect/ReflectionFactory
Event: 23.774 Loading class sun/reflect/ReflectionFactory done
Event: 23.774 Loading class sun/reflect/ReflectionFactory$1
Event: 23.774 Loading class sun/reflect/ReflectionFactory$1 done
Event: 23.774 Loading class java/io/OptionalDataException
Event: 23.775 Loading class java/io/OptionalDataException done
Event: 24.389 Loading class java/nio/charset/UnsupportedCharsetException
Event: 24.390 Loading class java/nio/charset/UnsupportedCharsetException done
Event: 24.492 Loading class java/util/Comparators$NullComparator
Event: 24.493 Loading class java/util/Comparators$NullComparator done
Event: 24.543 Loading class sun/reflect/annotation/TypeAnnotation$TypeAnnotationTargetInfo
Event: 24.543 Loading class sun/reflect/annotation/TypeAnnotation$TypeAnnotationTargetInfo done
Event: 24.780 Loading class java/util/EnumMap$EntrySet
Event: 24.780 Loading class java/util/EnumMap$EntrySet done
Event: 24.781 Loading class java/util/EnumMap$EntryIterator
Event: 24.781 Loading class java/util/EnumMap$EnumMapIterator
Event: 24.781 Loading class java/util/EnumMap$EnumMapIterator done
Event: 24.781 Loading class java/util/EnumMap$EntryIterator done

Classes unloaded (0 events):
No events

Classes redefined (0 events):
No events

Internal exceptions (20 events):
Event: 22.524 Thread 0x000001ce13b4fe80 Exception <a 'java/lang/NoSuchMethodError'{0x000000070df3f288}: 'void java.lang.invoke.DirectMethodHandle$Holder.invokeSpecial(java.lang.Object, java.lang.Object, int, java.lang.Object)'> (0x000000070df3f288) 
thrown [s\open\src\hotspot\share\interpreter\linkResolver.cpp, line 773]
Event: 22.525 Thread 0x000001ce13b4fe80 Exception <a 'java/lang/NoSuchMethodError'{0x000000070df45b30}: 'java.lang.Object java.lang.invoke.DirectMethodHandle$Holder.newInvokeSpecial(java.lang.Object, java.lang.Object, int)'> (0x000000070df45b30) 
thrown [s\open\src\hotspot\share\interpreter\linkResolver.cpp, line 773]
Event: 22.559 Thread 0x000001ce13b4fe80 Exception <a 'java/lang/NoSuchMethodError'{0x000000070dc95af8}: 'int java.lang.invoke.DirectMethodHandle$Holder.invokeStatic(java.lang.Object, int, java.lang.Object)'> (0x000000070dc95af8) 
thrown [s\open\src\hotspot\share\interpreter\linkResolver.cpp, line 773]
Event: 22.562 Thread 0x000001ce13b4fe80 Exception <a 'java/lang/NoSuchMethodError'{0x000000070dcb34f0}: 'java.lang.Object java.lang.invoke.DirectMethodHandle$Holder.newInvokeSpecial(java.lang.Object, java.lang.Object, java.lang.Object, java.lang.Object, java.lang.Object, int, java.lang.Object)'> (0x000000070dcb34f0) 
thrown [s\open\src\hotspot\share\interpreter\linkResolver.cpp, line 773]
Event: 22.567 Thread 0x000001ce13b4fe80 Exception <a 'java/lang/NoSuchMethodError'{0x000000070dce5260}: 'java.lang.Object java.lang.invoke.DirectMethodHandle$Holder.newInvokeSpecial(java.lang.Object, java.lang.Object, java.lang.Object, java.lang.Object, java.lang.Object, java.lang.Object, java.lang.Object, java.lang.Object, java.lang.Object, java.lang.Object, java.lang.Object, java.lang.Object)'> (0x000000070dce5260) 
thrown [s\open\src\hotspot\share\interpreter\linkResolver.cpp, line 773]
Event: 22.567 Thread 0x000001ce13b4fe80 Exception <a 'java/lang/NoSuchMethodError'{0x000000070dcea318}: 'java.lang.Object java.lang.invoke.DirectMethodHandle$Holder.invokeSpecial(java.lang.Object, java.lang.Object, java.lang.Object, java.lang.Object, java.lang.Object, java.lang.Object, java.lang.Object, java.lang.Object, java.lang.Object, java.lang.Object, java.lang.Object, java.lang.Object, java.lang.Object)'> (0x000000070dcea318) 
thrown [s\open\src\hotspot\share\interpreter\linkResolver.cpp, line 773]
Event: 22.567 Thread 0x000001ce13b4fe80 Exception <a 'java/lang/NoSuchMethodError'{0x000000070dcef010}: 'java.lang.Object java.lang.invoke.Invokers$Holder.linkToTargetMethod(java.lang.Object, java.lang.Object, java.lang.Object, java.lang.Object, java.lang.Object, java.lang.Object, java.lang.Object, java.lang.Object, java.lang.Object, java.lang.Object, java.lang.Object, java.lang.Object)'> (0x000000070dcef010) 
thrown [s\open\src\hotspot\share\interpreter\linkResolver.cpp, line 773]
Event: 22.607 Thread 0x000001ce13b4fe80 Exception <a 'java/lang/IncompatibleClassChangeError'{0x000000070da5d0d0}: Found class java.lang.Object, but interface was expected> (0x000000070da5d0d0) 
thrown [s\open\src\hotspot\share\interpreter\linkResolver.cpp, line 840]
Event: 22.619 Thread 0x000001ce13b4fe80 Exception <a 'java/lang/NoSuchMethodError'{0x000000070dacbb40}: 'java.lang.Object java.lang.invoke.DirectMethodHandle$Holder.newInvokeSpecial(java.lang.Object, java.lang.Object, java.lang.Object, java.lang.Object, java.lang.Object, java.lang.Object, java.lang.Object, int)'> (0x000000070dacbb40) 
thrown [s\open\src\hotspot\share\interpreter\linkResolver.cpp, line 773]
Event: 22.619 Thread 0x000001ce13b4fe80 Exception <a 'java/lang/NoSuchMethodError'{0x000000070dad0878}: 'java.lang.Object java.lang.invoke.DirectMethodHandle$Holder.invokeSpecial(java.lang.Object, java.lang.Object, java.lang.Object, java.lang.Object, java.lang.Object, java.lang.Object, java.lang.Object, java.lang.Object, int)'> (0x000000070dad0878) 
thrown [s\open\src\hotspot\share\interpreter\linkResolver.cpp, line 773]
Event: 22.619 Thread 0x000001ce13b4fe80 Exception <a 'java/lang/NoSuchMethodError'{0x000000070dad5068}: 'java.lang.Object java.lang.invoke.Invokers$Holder.linkToTargetMethod(java.lang.Object, java.lang.Object, java.lang.Object, java.lang.Object, java.lang.Object, java.lang.Object, int, java.lang.Object)'> (0x000000070dad5068) 
thrown [s\open\src\hotspot\share\interpreter\linkResolver.cpp, line 773]
Event: 22.857 Thread 0x000001ce13b4fe80 Implicit null exception at 0x000001ce25d1c677 to 0x000001ce25d1c8e0
Event: 22.947 Thread 0x000001ce13b4fe80 Exception <a 'java/lang/IncompatibleClassChangeError'{0x000000070d2e1e28}: Found class java.lang.Object, but interface was expected> (0x000000070d2e1e28) 
thrown [s\open\src\hotspot\share\interpreter\linkResolver.cpp, line 840]
Event: 22.966 Thread 0x000001ce13b4fe80 Exception <a 'java/lang/IncompatibleClassChangeError'{0x000000070d361e48}: Found class java.lang.Object, but interface was expected> (0x000000070d361e48) 
thrown [s\open\src\hotspot\share\interpreter\linkResolver.cpp, line 840]
Event: 23.026 Thread 0x000001ce13b4fe80 Exception <a 'java/lang/IncompatibleClassChangeError'{0x000000070d0c9318}: Found class java.lang.Object, but interface was expected> (0x000000070d0c9318) 
thrown [s\open\src\hotspot\share\interpreter\linkResolver.cpp, line 840]
Event: 23.364 Thread 0x000001ce13b4fe80 Exception <a 'java/lang/IncompatibleClassChangeError'{0x00000007193169b0}: Found class java.lang.Object, but interface was expected> (0x00000007193169b0) 
thrown [s\open\src\hotspot\share\interpreter\linkResolver.cpp, line 840]
Event: 23.493 Thread 0x000001ce13b4fe80 Exception <a 'java/lang/IncompatibleClassChangeError'{0x0000000718bd0e20}: Found class java.lang.Object, but interface was expected> (0x0000000718bd0e20) 
thrown [s\open\src\hotspot\share\interpreter\linkResolver.cpp, line 840]
Event: 23.921 Thread 0x000001ce13b4fe80 Exception <a 'java/lang/NoSuchMethodError'{0x000000070e42dc48}: 'java.lang.Object java.lang.invoke.DirectMethodHandle$Holder.newInvokeSpecial(java.lang.Object, java.lang.Object, java.lang.Object, java.lang.Object, java.lang.Object, java.lang.Object, java.lang.Object, java.lang.Object)'> (0x000000070e42dc48) 
thrown [s\open\src\hotspot\share\interpreter\linkResolver.cpp, line 773]
Event: 24.021 Thread 0x000001ce13b4fe80 Exception <a 'java/lang/NoSuchMethodError'{0x000000070dea8668}: 'java.lang.Object java.lang.invoke.DirectMethodHandle$Holder.invokeVirtual(java.lang.Object, java.lang.Object, java.lang.Object, java.lang.Object, java.lang.Object, java.lang.Object)'> (0x000000070dea8668) 
thrown [s\open\src\hotspot\share\interpreter\linkResolver.cpp, line 773]
Event: 24.112 Thread 0x000001ce13b4fe80 Exception <a 'java/lang/NoSuchMethodError'{0x000000070dcaf010}: 'java.lang.Object java.lang.invoke.DirectMethodHandle$Holder.invokeVirtual(java.lang.Object, java.lang.Object, java.lang.Object, java.lang.Object, java.lang.Object, java.lang.Object, java.lang.Object)'> (0x000000070dcaf010) 
thrown [s\open\src\hotspot\share\interpreter\linkResolver.cpp, line 773]

ZGC Phase Switch (0 events):
No events

VM Operations (20 events):
Event: 22.102 Executing VM operation: HandshakeAllThreads (Deoptimize) done
Event: 22.322 Executing VM operation: HandshakeAllThreads (Deoptimize)
Event: 22.322 Executing VM operation: HandshakeAllThreads (Deoptimize) done
Event: 22.481 Executing VM operation: ICBufferFull
Event: 22.481 Executing VM operation: ICBufferFull done
Event: 23.253 Executing VM operation: HandshakeAllThreads (Deoptimize)
Event: 23.253 Executing VM operation: HandshakeAllThreads (Deoptimize) done
Event: 23.287 Executing VM operation: G1CollectForAllocation (G1 Evacuation Pause)
Event: 23.304 Executing VM operation: G1CollectForAllocation (G1 Evacuation Pause) done
Event: 23.394 Executing VM operation: HandshakeAllThreads (Deoptimize)
Event: 23.394 Executing VM operation: HandshakeAllThreads (Deoptimize) done
Event: 24.396 Executing VM operation: Cleanup
Event: 24.396 Executing VM operation: Cleanup done
Event: 24.460 Executing VM operation: HandshakeAllThreads (Deoptimize)
Event: 24.460 Executing VM operation: HandshakeAllThreads (Deoptimize) done
Event: 24.524 Executing VM operation: HandshakeAllThreads (Deoptimize)
Event: 24.524 Executing VM operation: HandshakeAllThreads (Deoptimize) done
Event: 24.525 Executing VM operation: HandshakeAllThreads (Deoptimize)
Event: 24.526 Executing VM operation: HandshakeAllThreads (Deoptimize) done
Event: 24.810 Executing VM operation: G1CollectForAllocation (G1 Evacuation Pause)

Events (20 events):
Event: 21.708 Thread 0x000001ce3500be70 flushing nmethod 0x000001ce1e7f8690
Event: 21.708 Thread 0x000001ce3500be70 flushing nmethod 0x000001ce1e7fad90
Event: 21.708 Thread 0x000001ce3500be70 flushing nmethod 0x000001ce1e7fb810
Event: 21.708 Thread 0x000001ce3500be70 flushing nmethod 0x000001ce1e7ff710
Event: 21.708 Thread 0x000001ce3500be70 flushing nmethod 0x000001ce1e801210
Event: 21.708 Thread 0x000001ce3500be70 flushing nmethod 0x000001ce1e802010
Event: 21.708 Thread 0x000001ce3500be70 flushing nmethod 0x000001ce1e80f510
Event: 21.708 Thread 0x000001ce3500be70 flushing nmethod 0x000001ce1e847f90
Event: 21.708 Thread 0x000001ce3500be70 flushing nmethod 0x000001ce1e848f10
Event: 21.708 Thread 0x000001ce3500be70 flushing nmethod 0x000001ce1e84bd90
Event: 21.708 Thread 0x000001ce3500be70 flushing nmethod 0x000001ce1e87ee10
Event: 21.708 Thread 0x000001ce3500be70 flushing nmethod 0x000001ce1e891d10
Event: 21.708 Thread 0x000001ce3500be70 flushing nmethod 0x000001ce1e897390
Event: 21.708 Thread 0x000001ce3500be70 flushing nmethod 0x000001ce1e8d5310
Event: 21.708 Thread 0x000001ce3500be70 flushing nmethod 0x000001ce1e8d8f90
Event: 21.708 Thread 0x000001ce3500be70 flushing nmethod 0x000001ce1e957610
Event: 21.708 Thread 0x000001ce3500be70 flushing nmethod 0x000001ce1e962610
Event: 21.708 Thread 0x000001ce3500be70 flushing nmethod 0x000001ce1e999490
Event: 22.016 Thread 0x000001ce7beee0e0 Thread exited: 0x000001ce7beee0e0
Event: 22.408 Thread 0x000001ce7beefc20 Thread added: 0x000001ce7beefc20


Dynamic libraries:
0x00007ff6f6fe0000 - 0x00007ff6f6ff0000 	C:\Program Files\Java\jdk-21\bin\java.exe
0x00007ffb42670000 - 0x00007ffb42868000 	C:\Windows\SYSTEM32\ntdll.dll
0x00007ffb415a0000 - 0x00007ffb41662000 	C:\Windows\System32\KERNEL32.DLL
0x00007ffb3fd10000 - 0x00007ffb40006000 	C:\Windows\System32\KERNELBASE.dll
0x00007ffb40380000 - 0x00007ffb40480000 	C:\Windows\System32\ucrtbase.dll
0x00007ffb2dbc0000 - 0x00007ffb2dbdb000 	C:\Program Files\Java\jdk-21\bin\VCRUNTIME140.dll
0x00007ffb2dd00000 - 0x00007ffb2dd19000 	C:\Program Files\Java\jdk-21\bin\jli.dll
0x00007ffb40e10000 - 0x00007ffb40ec1000 	C:\Windows\System32\ADVAPI32.dll
0x00007ffb40a20000 - 0x00007ffb40abe000 	C:\Windows\System32\msvcrt.dll
0x00007ffb40880000 - 0x00007ffb4091f000 	C:\Windows\System32\sechost.dll
0x00007ffb40ad0000 - 0x00007ffb40bf0000 	C:\Windows\System32\RPCRT4.dll
0x00007ffb40010000 - 0x00007ffb40037000 	C:\Windows\System32\bcrypt.dll
0x00007ffb41e40000 - 0x00007ffb41fdd000 	C:\Windows\System32\USER32.dll
0x00007ffb40480000 - 0x00007ffb404a2000 	C:\Windows\System32\win32u.dll
0x00007ffb2efc0000 - 0x00007ffb2f25b000 	C:\Windows\WinSxS\amd64_microsoft.windows.common-controls_6595b64144ccf1df_6.0.19041.6280_none_60bc30a171f2f3f3\COMCTL32.dll
0x00007ffb40780000 - 0x00007ffb407ab000 	C:\Windows\System32\GDI32.dll
0x00007ffb40190000 - 0x00007ffb402a9000 	C:\Windows\System32\gdi32full.dll
0x00007ffb40040000 - 0x00007ffb400dd000 	C:\Windows\System32\msvcp_win.dll
0x00007ffb371b0000 - 0x00007ffb371ba000 	C:\Windows\SYSTEM32\VERSION.dll
0x00007ffb41460000 - 0x00007ffb4148f000 	C:\Windows\System32\IMM32.DLL
0x00007ffb35b00000 - 0x00007ffb35b0c000 	C:\Program Files\Java\jdk-21\bin\vcruntime140_1.dll
0x00007ffb24290000 - 0x00007ffb2431e000 	C:\Program Files\Java\jdk-21\bin\msvcp140.dll
0x00007ffb0c710000 - 0x00007ffb0d42a000 	C:\Program Files\Java\jdk-21\bin\server\jvm.dll
0x00007ffb40bf0000 - 0x00007ffb40c5b000 	C:\Windows\System32\WS2_32.dll
0x00007ffb3fa50000 - 0x00007ffb3fa9b000 	C:\Windows\SYSTEM32\POWRPROF.dll
0x00007ffb35ba0000 - 0x00007ffb35bc7000 	C:\Windows\SYSTEM32\WINMM.dll
0x00007ffb3fa30000 - 0x00007ffb3fa42000 	C:\Windows\SYSTEM32\UMPDC.dll
0x00007ffb3e4f0000 - 0x00007ffb3e502000 	C:\Windows\SYSTEM32\kernel.appcore.dll
0x00007ffb33110000 - 0x00007ffb3311a000 	C:\Program Files\Java\jdk-21\bin\jimage.dll
0x00007ffb3e2c0000 - 0x00007ffb3e4c1000 	C:\Windows\SYSTEM32\DBGHELP.DLL
0x00007ffb2b870000 - 0x00007ffb2b8a4000 	C:\Windows\SYSTEM32\dbgcore.DLL
0x00007ffb404b0000 - 0x00007ffb40532000 	C:\Windows\System32\bcryptPrimitives.dll
0x00007ffb32bb0000 - 0x00007ffb32bcf000 	C:\Program Files\Java\jdk-21\bin\java.dll
0x00007ffb41670000 - 0x00007ffb41de0000 	C:\Windows\System32\SHELL32.dll
0x00007ffb3da40000 - 0x00007ffb3e1e5000 	C:\Windows\SYSTEM32\windows.storage.dll
0x00007ffb42220000 - 0x00007ffb42573000 	C:\Windows\System32\combase.dll
0x00007ffb3f590000 - 0x00007ffb3f5bb000 	C:\Windows\SYSTEM32\Wldp.dll
0x00007ffb407b0000 - 0x00007ffb4087d000 	C:\Windows\System32\OLEAUT32.dll
0x00007ffb41fe0000 - 0x00007ffb4208d000 	C:\Windows\System32\SHCORE.dll
0x00007ffb41de0000 - 0x00007ffb41e3b000 	C:\Windows\System32\shlwapi.dll
0x00007ffb3fc40000 - 0x00007ffb3fc64000 	C:\Windows\SYSTEM32\profapi.dll
0x00007ffb15a10000 - 0x00007ffb15ae7000 	C:\Program Files\Java\jdk-21\bin\jsvml.dll
0x00007ffb32c10000 - 0x00007ffb32c20000 	C:\Program Files\Java\jdk-21\bin\net.dll
0x00007ffb3c090000 - 0x00007ffb3c19a000 	C:\Windows\SYSTEM32\WINHTTP.dll
0x00007ffb3f370000 - 0x00007ffb3f3da000 	C:\Windows\system32\mswsock.dll
0x00007ffb294d0000 - 0x00007ffb294e6000 	C:\Program Files\Java\jdk-21\bin\nio.dll
0x00007ffb28ae0000 - 0x00007ffb28af8000 	C:\Program Files\Java\jdk-21\bin\zip.dll
0x00007ffb3ac90000 - 0x00007ffb3ac9a000 	C:\Program Files\Java\jdk-21\bin\management.dll
0x00007ffb399c0000 - 0x00007ffb399cb000 	C:\Program Files\Java\jdk-21\bin\management_ext.dll
0x00007ffb41490000 - 0x00007ffb41498000 	C:\Windows\System32\PSAPI.DLL
0x00007ffb3f5d0000 - 0x00007ffb3f5e8000 	C:\Windows\SYSTEM32\CRYPTSP.dll
0x00007ffb3ecb0000 - 0x00007ffb3ece8000 	C:\Windows\system32\rsaenh.dll
0x00007ffb3fbc0000 - 0x00007ffb3fbee000 	C:\Windows\SYSTEM32\USERENV.dll
0x00007ffb3f500000 - 0x00007ffb3f50c000 	C:\Windows\SYSTEM32\CRYPTBASE.dll
0x00007ffb3f070000 - 0x00007ffb3f0ab000 	C:\Windows\SYSTEM32\IPHLPAPI.DLL
0x00007ffb40ac0000 - 0x00007ffb40ac8000 	C:\Windows\System32\NSI.dll
0x00007ffb3f0b0000 - 0x00007ffb3f17a000 	C:\Windows\SYSTEM32\DNSAPI.dll
0x00007ffb3acf0000 - 0x00007ffb3acfa000 	C:\Windows\System32\rasadhlp.dll
0x00007ffb39610000 - 0x00007ffb39690000 	C:\Windows\System32\fwpuclnt.dll
0x00007ffb2fcb0000 - 0x00007ffb2fcb9000 	C:\Program Files\Java\jdk-21\bin\extnet.dll
0x00007ffb32ba0000 - 0x00007ffb32bb0000 	C:\Program Files\Java\jdk-21\bin\verify.dll
0x00007ffb32b90000 - 0x00007ffb32b9e000 	C:\Program Files\Java\jdk-21\bin\sunmscapi.dll
0x00007ffb40540000 - 0x00007ffb4069d000 	C:\Windows\System32\CRYPT32.dll
0x00007ffb3f740000 - 0x00007ffb3f767000 	C:\Windows\SYSTEM32\ncrypt.dll
0x00007ffb3f700000 - 0x00007ffb3f73b000 	C:\Windows\SYSTEM32\NTASN1.dll

dbghelp: loaded successfully - version: 4.0.5 - missing functions: none
symbol engine: initialized successfully - sym options: 0x614 - pdb path: .;C:\Program Files\Java\jdk-21\bin;C:\Windows\SYSTEM32;C:\Windows\WinSxS\amd64_microsoft.windows.common-controls_6595b64144ccf1df_6.0.19041.6280_none_60bc30a171f2f3f3;C:\Program Files\Java\jdk-21\bin\server

VM Arguments:
jvm_args: -Dorg.testcontainers.dockerclient.strategy=org.testcontainers.dockerclient.UnixSocketClientProviderStrategy 
java_command: C:\Users\Юлия\AppData\Local\Temp\surefire14059992638279046287\surefirebooter-20251001234544228_3.jar C:\Users\Юлия\AppData\Local\Temp\surefire14059992638279046287 2025-10-01T23-45-44_082-jvmRun1 surefire-20251001234544228_1tmp surefire_0-20251001234544228_2tmp
java_class_path (initial): C:\Users\Юлия\AppData\Local\Temp\surefire14059992638279046287\surefirebooter-20251001234544228_3.jar
Launcher Type: SUN_STANDARD

[Global flags]
     intx CICompilerCount                          = 4                                         {product} {ergonomic}
     uint ConcGCThreads                            = 3                                         {product} {ergonomic}
     uint G1ConcRefinementThreads                  = 10                                        {product} {ergonomic}
   size_t G1HeapRegionSize                         = 2097152                                   {product} {ergonomic}
    uintx GCDrainStackTargetSize                   = 64                                        {product} {ergonomic}
   size_t InitialHeapSize                          = 260046848                                 {product} {ergonomic}
   size_t MarkStackSize                            = 4194304                                   {product} {ergonomic}
   size_t MaxHeapSize                              = 4131389440                                {product} {ergonomic}
   size_t MaxNewSize                               = 2478833664                                {product} {ergonomic}
   size_t MinHeapDeltaBytes                        = 2097152                                   {product} {ergonomic}
   size_t MinHeapSize                              = 8388608                                   {product} {ergonomic}
    uintx NonNMethodCodeHeapSize                   = 5839372                                {pd product} {ergonomic}
    uintx NonProfiledCodeHeapSize                  = 122909434                              {pd product} {ergonomic}
    uintx ProfiledCodeHeapSize                     = 122909434                              {pd product} {ergonomic}
    uintx ReservedCodeCacheSize                    = 251658240                              {pd product} {ergonomic}
     bool SegmentedCodeCache                       = true                                      {product} {ergonomic}
   size_t SoftMaxHeapSize                          = 4131389440                             {manageable} {ergonomic}
     bool UseCompressedOops                        = true                           {product lp64_product} {ergonomic}
     bool UseG1GC                                  = true                                      {product} {ergonomic}
     bool UseLargePagesIndividualAllocation        = false                                  {pd product} {ergonomic}

Logging:
Log output configuration:
 #0: stdout all=warning uptime,level,tags foldmultilines=false
 #1: stderr all=off uptime,level,tags foldmultilines=false

Environment Variables:
JAVA_HOME=C:\Program Files\Java\jdk-21
PATH=C:\Program Files\Common Files\Oracle\Java\javapath;C:\Windows\system32;C:\Windows;C:\Windows\System32\Wbem;C:\Windows\System32\WindowsPowerShell\v1.0\;C:\Windows\System32\OpenSSH\;C:\Program Files\Git\cmd;C:\Program Files\Java\jdk-21\bin;C:\Java_util\apache-maven-3.8.5\bin;C:\Program Files\Redis\;C:\Program Files\OpenSSL-Win64\bin;C:\Program Files\WinMerge;C:\Program Files\MongoDB\Server\8.0\bin;C:\kubectl;C:\Program Files\Kubernetes\Minikube;C:\Program Files\Oracle\VirtualBox;;C:\Program Files\Docker\Docker\resources\bin;C:\Users\Юлия\AppData\Local\Microsoft\WindowsApps;C:\Program Files\JetBrains\IntelliJ IDEA 2023.2.2\bin;;%GoLand%;C:\Program Files\JetBrains\IntelliJ IDEA Community Edition 2023.2.2\bin;;C:\Program Files\Java\jdk-21\bin;C:\Java_util\apache-maven-3.8.5\bin;C:\Program Files\liquibase-pro;C:\Program Files\MongoDB\Server\8.0\bin;C:\kubectl;C:\Program Files\Oracle\VirtualBox;
USERNAME=Dima
OS=Windows_NT
PROCESSOR_IDENTIFIER=AMD64 Family 23 Model 104 Stepping 1, AuthenticAMD
TMP=C:\Users\0E3B~1\AppData\Local\Temp
TEMP=C:\Users\0E3B~1\AppData\Local\Temp




Periodic native trim disabled

---------------  S Y S T E M  ---------------

OS:
 Windows 10 , 64 bit Build 19041 (10.0.19041.5915)
OS uptime: 0 days 10:32 hours
Hyper-V role detected

CPU: total 12 (initial active 12) (12 cores per cpu, 2 threads per core) family 23 model 104 stepping 1 microcode 0x0, cx8, cmov, fxsr, ht, mmx, 3dnowpref, sse, sse2, sse3, ssse3, sse4a, sse4.1, sse4.2, popcnt, lzcnt, tsc, tscinvbit, avx, avx2, aes, clmul, bmi1, bmi2, adx, sha, fma, vzeroupper, clflush, clflushopt, hv, rdtscp, rdpid, f16c
Processor Information for all 12 processors :
  Max Mhz: 2100, Current Mhz: 2100, Mhz Limit: 2100

Memory: 4k page, system-wide physical 15752M (406M free)
TotalPageFile size 23944M (AvailPageFile size 63M)
current process WorkingSet (physical memory assigned to process): 307M, peak: 312M
current process commit charge ("private bytes"): 349M, peak: 407M

vm_info: Java HotSpot(TM) 64-Bit Server VM (21.0.6+8-LTS-188) for windows-amd64 JRE (21.0.6+8-LTS-188), built on 2024-12-03T10:50:54Z by "mach5one" with MS VC++ 17.6 (VS2022)

END.
